This file contains any messages produced by compilers while
running configure, to aid debugging if configure makes a mistake.

It was created by Boblight For Enigma2 configure 0.8r7, which was
generated by GNU Autoconf 2.69.  Invocation command line was

  $ ./configure CC=mipsel-unknown-linux-gnu-gcc CXX=mipsel-unknown-linux-gnu-g++ --host=mipsel-unknown-linux-gnu CPPFLAGS= --prefix=/mnt/et9000/Harddisk/Boblight/Builds/OE2.0-DEFAULT/usr/

## --------- ##
## Platform. ##
## --------- ##

hostname = martijn-desktop
uname -m = x86_64
uname -r = 3.11.0-18-generic
uname -s = Linux
uname -v = #32-Ubuntu SMP Tue Feb 18 21:11:14 UTC 2014

/usr/bin/uname -p = unknown
/bin/uname -X     = unknown

/bin/arch              = unknown
/usr/bin/arch -k       = unknown
/usr/convex/getsysinfo = unknown
/usr/bin/hostinfo      = unknown
/bin/machine           = unknown
/usr/bin/oslevel       = unknown
/bin/universe          = unknown

PATH: /usr/local/sbin
PATH: /usr/local/bin
PATH: /usr/sbin
PATH: /usr/bin
PATH: /sbin
PATH: /bin
PATH: /opt/tools/mipsel-unknown-linux-gnu-oe2.0new/bin/


## ----------- ##
## Core tests. ##
## ----------- ##

configure:2436: checking for a BSD-compatible install
configure:2504: result: /usr/bin/install -c
configure:2515: checking whether build environment is sane
configure:2570: result: yes
configure:2608: WARNING: 'missing' script is too old or missing
configure:2629: checking for mipsel-unknown-linux-gnu-strip
configure:2645: found /opt/tools/mipsel-unknown-linux-gnu-oe2.0new/bin//mipsel-unknown-linux-gnu-strip
configure:2656: result: mipsel-unknown-linux-gnu-strip
configure:2721: checking for a thread-safe mkdir -p
configure:2760: result: /bin/mkdir -p
configure:2767: checking for gawk
configure:2783: found /usr/bin/gawk
configure:2794: result: gawk
configure:2805: checking whether make sets $(MAKE)
configure:2827: result: yes
configure:2856: checking whether make supports nested variables
configure:2873: result: yes
configure:2960: checking whether to enable maintainer-specific portions of Makefiles
configure:2969: result: no
configure:2995: checking for style of include used by make
configure:3023: result: GNU
configure:3054: checking for mipsel-unknown-linux-gnu-gcc
configure:3081: result: mipsel-unknown-linux-gnu-gcc
configure:3350: checking for C compiler version
configure:3359: mipsel-unknown-linux-gnu-gcc --version >&5
mipsel-unknown-linux-gnu-gcc (crosstool-NG 1.19.0) 4.8.2 20130603 (prerelease)
Copyright (C) 2013 Free Software Foundation, Inc.
This is free software; see the source for copying conditions.  There is NO
warranty; not even for MERCHANTABILITY or FITNESS FOR A PARTICULAR PURPOSE.

configure:3370: $? = 0
configure:3359: mipsel-unknown-linux-gnu-gcc -v >&5
Using built-in specs.
COLLECT_GCC=mipsel-unknown-linux-gnu-gcc
COLLECT_LTO_WRAPPER=/opt/tools/mipsel-unknown-linux-gnu-oe2.0new/bin/../libexec/gcc/mipsel-unknown-linux-gnu/4.8.2/lto-wrapper
Target: mipsel-unknown-linux-gnu
Configured with: /home/martijn/Bureaublad/crosstool-ng-1.19.0/.build/src/gcc-linaro-4.8-2013.06-1/configure --build=x86_64-build_unknown-linux-gnu --host=x86_64-build_unknown-linux-gnu --target=mipsel-unknown-linux-gnu --prefix=/home/martijn/x-tools/mipsel-unknown-linux-gnu --with-sysroot=/home/martijn/x-tools/mipsel-unknown-linux-gnu/mipsel-unknown-linux-gnu/sysroot --enable-languages=c,c++ --with-arch=mips1 --with-abi=32 --with-float=hard --with-pkgversion='crosstool-NG 1.19.0' --enable-__cxa_atexit --disable-libmudflap --enable-libgomp --disable-libssp --enable-libquadmath --enable-libquadmath-support --with-gmp=/home/martijn/Bureaublad/crosstool-ng-1.19.0/.build/mipsel-unknown-linux-gnu/buildtools --with-mpfr=/home/martijn/Bureaublad/crosstool-ng-1.19.0/.build/mipsel-unknown-linux-gnu/buildtools --with-mpc=/home/martijn/Bureaublad/crosstool-ng-1.19.0/.build/mipsel-unknown-linux-gnu/buildtools --with-isl=/home/martijn/Bureaublad/crosstool-ng-1.19.0/.build/mipsel-unknown-linux-gnu/buildtools --with-cloog=/home/martijn/Bureaublad/crosstool-ng-1.19.0/.build/mipsel-unknown-linux-gnu/buildtools --with-libelf=no --with-host-libstdcxx='-static-libgcc -Wl,-Bstatic,-lstdc++,-Bdynamic -lm' --enable-threads=posix --enable-target-optspace --with-long-double-128 --disable-nls --disable-multilib --with-local-prefix=/home/martijn/x-tools/mipsel-unknown-linux-gnu/mipsel-unknown-linux-gnu/sysroot --enable-c99 --enable-long-long
Thread model: posix
gcc version 4.8.2 20130603 (prerelease) (crosstool-NG 1.19.0) 
configure:3370: $? = 0
configure:3359: mipsel-unknown-linux-gnu-gcc -V >&5
mipsel-unknown-linux-gnu-gcc: error: unrecognized command line option '-V'
mipsel-unknown-linux-gnu-gcc: fatal error: no input files
compilation terminated.
configure:3370: $? = 1
configure:3359: mipsel-unknown-linux-gnu-gcc -qversion >&5
mipsel-unknown-linux-gnu-gcc: error: unrecognized command line option '-qversion'
mipsel-unknown-linux-gnu-gcc: fatal error: no input files
compilation terminated.
configure:3370: $? = 1
configure:3390: checking whether the C compiler works
configure:3412: mipsel-unknown-linux-gnu-gcc    conftest.c  >&5
configure:3416: $? = 0
configure:3464: result: yes
configure:3467: checking for C compiler default output file name
configure:3469: result: a.out
configure:3475: checking for suffix of executables
configure:3482: mipsel-unknown-linux-gnu-gcc -o conftest    conftest.c  >&5
configure:3486: $? = 0
configure:3508: result: 
configure:3530: checking whether we are cross compiling
configure:3538: mipsel-unknown-linux-gnu-gcc -o conftest    conftest.c  >&5
configure:3542: $? = 0
configure:3549: ./conftest
./configure: line 3551: ./conftest: cannot execute binary file
configure:3553: $? = 126
configure:3568: result: yes
configure:3573: checking for suffix of object files
configure:3595: mipsel-unknown-linux-gnu-gcc -c   conftest.c >&5
configure:3599: $? = 0
configure:3620: result: o
configure:3624: checking whether we are using the GNU C compiler
configure:3643: mipsel-unknown-linux-gnu-gcc -c   conftest.c >&5
configure:3643: $? = 0
configure:3652: result: yes
configure:3661: checking whether mipsel-unknown-linux-gnu-gcc accepts -g
configure:3681: mipsel-unknown-linux-gnu-gcc -c -g  conftest.c >&5
configure:3681: $? = 0
configure:3722: result: yes
configure:3739: checking for mipsel-unknown-linux-gnu-gcc option to accept ISO C89
configure:3802: mipsel-unknown-linux-gnu-gcc  -c -O2  conftest.c >&5
configure:3802: $? = 0
configure:3815: result: none needed
configure:3837: checking dependency style of mipsel-unknown-linux-gnu-gcc
configure:3948: result: gcc3
configure:3964: checking for library containing strerror
configure:3995: mipsel-unknown-linux-gnu-gcc -o conftest -O2   conftest.c  >&5
configure:3995: $? = 0
configure:4012: result: none required
configure:4132: checking for C++ compiler version
configure:4141: mipsel-unknown-linux-gnu-g++ --version >&5
mipsel-unknown-linux-gnu-g++ (crosstool-NG 1.19.0) 4.8.2 20130603 (prerelease)
Copyright (C) 2013 Free Software Foundation, Inc.
This is free software; see the source for copying conditions.  There is NO
warranty; not even for MERCHANTABILITY or FITNESS FOR A PARTICULAR PURPOSE.

configure:4152: $? = 0
configure:4141: mipsel-unknown-linux-gnu-g++ -v >&5
Using built-in specs.
COLLECT_GCC=mipsel-unknown-linux-gnu-g++
COLLECT_LTO_WRAPPER=/opt/tools/mipsel-unknown-linux-gnu-oe2.0new/bin/../libexec/gcc/mipsel-unknown-linux-gnu/4.8.2/lto-wrapper
Target: mipsel-unknown-linux-gnu
Configured with: /home/martijn/Bureaublad/crosstool-ng-1.19.0/.build/src/gcc-linaro-4.8-2013.06-1/configure --build=x86_64-build_unknown-linux-gnu --host=x86_64-build_unknown-linux-gnu --target=mipsel-unknown-linux-gnu --prefix=/home/martijn/x-tools/mipsel-unknown-linux-gnu --with-sysroot=/home/martijn/x-tools/mipsel-unknown-linux-gnu/mipsel-unknown-linux-gnu/sysroot --enable-languages=c,c++ --with-arch=mips1 --with-abi=32 --with-float=hard --with-pkgversion='crosstool-NG 1.19.0' --enable-__cxa_atexit --disable-libmudflap --enable-libgomp --disable-libssp --enable-libquadmath --enable-libquadmath-support --with-gmp=/home/martijn/Bureaublad/crosstool-ng-1.19.0/.build/mipsel-unknown-linux-gnu/buildtools --with-mpfr=/home/martijn/Bureaublad/crosstool-ng-1.19.0/.build/mipsel-unknown-linux-gnu/buildtools --with-mpc=/home/martijn/Bureaublad/crosstool-ng-1.19.0/.build/mipsel-unknown-linux-gnu/buildtools --with-isl=/home/martijn/Bureaublad/crosstool-ng-1.19.0/.build/mipsel-unknown-linux-gnu/buildtools --with-cloog=/home/martijn/Bureaublad/crosstool-ng-1.19.0/.build/mipsel-unknown-linux-gnu/buildtools --with-libelf=no --with-host-libstdcxx='-static-libgcc -Wl,-Bstatic,-lstdc++,-Bdynamic -lm' --enable-threads=posix --enable-target-optspace --with-long-double-128 --disable-nls --disable-multilib --with-local-prefix=/home/martijn/x-tools/mipsel-unknown-linux-gnu/mipsel-unknown-linux-gnu/sysroot --enable-c99 --enable-long-long
Thread model: posix
gcc version 4.8.2 20130603 (prerelease) (crosstool-NG 1.19.0) 
configure:4152: $? = 0
configure:4141: mipsel-unknown-linux-gnu-g++ -V >&5
mipsel-unknown-linux-gnu-g++: error: unrecognized command line option '-V'
mipsel-unknown-linux-gnu-g++: fatal error: no input files
compilation terminated.
configure:4152: $? = 1
configure:4141: mipsel-unknown-linux-gnu-g++ -qversion >&5
mipsel-unknown-linux-gnu-g++: error: unrecognized command line option '-qversion'
mipsel-unknown-linux-gnu-g++: fatal error: no input files
compilation terminated.
configure:4152: $? = 1
configure:4156: checking whether we are using the GNU C++ compiler
configure:4175: mipsel-unknown-linux-gnu-g++ -c   conftest.cpp >&5
configure:4175: $? = 0
configure:4184: result: yes
configure:4193: checking whether mipsel-unknown-linux-gnu-g++ accepts -g
configure:4213: mipsel-unknown-linux-gnu-g++ -c -g  conftest.cpp >&5
configure:4213: $? = 0
configure:4254: result: yes
configure:4279: checking dependency style of mipsel-unknown-linux-gnu-g++
configure:4390: result: gcc3
configure:4413: checking for mipsel-unknown-linux-gnu-gcc
configure:4440: result: mipsel-unknown-linux-gnu-gcc
configure:4709: checking for C compiler version
configure:4718: mipsel-unknown-linux-gnu-gcc --version >&5
mipsel-unknown-linux-gnu-gcc (crosstool-NG 1.19.0) 4.8.2 20130603 (prerelease)
Copyright (C) 2013 Free Software Foundation, Inc.
This is free software; see the source for copying conditions.  There is NO
warranty; not even for MERCHANTABILITY or FITNESS FOR A PARTICULAR PURPOSE.

configure:4729: $? = 0
configure:4718: mipsel-unknown-linux-gnu-gcc -v >&5
Using built-in specs.
COLLECT_GCC=mipsel-unknown-linux-gnu-gcc
COLLECT_LTO_WRAPPER=/opt/tools/mipsel-unknown-linux-gnu-oe2.0new/bin/../libexec/gcc/mipsel-unknown-linux-gnu/4.8.2/lto-wrapper
Target: mipsel-unknown-linux-gnu
Configured with: /home/martijn/Bureaublad/crosstool-ng-1.19.0/.build/src/gcc-linaro-4.8-2013.06-1/configure --build=x86_64-build_unknown-linux-gnu --host=x86_64-build_unknown-linux-gnu --target=mipsel-unknown-linux-gnu --prefix=/home/martijn/x-tools/mipsel-unknown-linux-gnu --with-sysroot=/home/martijn/x-tools/mipsel-unknown-linux-gnu/mipsel-unknown-linux-gnu/sysroot --enable-languages=c,c++ --with-arch=mips1 --with-abi=32 --with-float=hard --with-pkgversion='crosstool-NG 1.19.0' --enable-__cxa_atexit --disable-libmudflap --enable-libgomp --disable-libssp --enable-libquadmath --enable-libquadmath-support --with-gmp=/home/martijn/Bureaublad/crosstool-ng-1.19.0/.build/mipsel-unknown-linux-gnu/buildtools --with-mpfr=/home/martijn/Bureaublad/crosstool-ng-1.19.0/.build/mipsel-unknown-linux-gnu/buildtools --with-mpc=/home/martijn/Bureaublad/crosstool-ng-1.19.0/.build/mipsel-unknown-linux-gnu/buildtools --with-isl=/home/martijn/Bureaublad/crosstool-ng-1.19.0/.build/mipsel-unknown-linux-gnu/buildtools --with-cloog=/home/martijn/Bureaublad/crosstool-ng-1.19.0/.build/mipsel-unknown-linux-gnu/buildtools --with-libelf=no --with-host-libstdcxx='-static-libgcc -Wl,-Bstatic,-lstdc++,-Bdynamic -lm' --enable-threads=posix --enable-target-optspace --with-long-double-128 --disable-nls --disable-multilib --with-local-prefix=/home/martijn/x-tools/mipsel-unknown-linux-gnu/mipsel-unknown-linux-gnu/sysroot --enable-c99 --enable-long-long
Thread model: posix
gcc version 4.8.2 20130603 (prerelease) (crosstool-NG 1.19.0) 
configure:4729: $? = 0
configure:4718: mipsel-unknown-linux-gnu-gcc -V >&5
mipsel-unknown-linux-gnu-gcc: error: unrecognized command line option '-V'
mipsel-unknown-linux-gnu-gcc: fatal error: no input files
compilation terminated.
configure:4729: $? = 1
configure:4718: mipsel-unknown-linux-gnu-gcc -qversion >&5
mipsel-unknown-linux-gnu-gcc: error: unrecognized command line option '-qversion'
mipsel-unknown-linux-gnu-gcc: fatal error: no input files
compilation terminated.
configure:4729: $? = 1
configure:4733: checking whether we are using the GNU C compiler
configure:4761: result: yes
configure:4770: checking whether mipsel-unknown-linux-gnu-gcc accepts -g
configure:4831: result: yes
configure:4848: checking for mipsel-unknown-linux-gnu-gcc option to accept ISO C89
configure:4924: result: none needed
configure:4946: checking dependency style of mipsel-unknown-linux-gnu-gcc
configure:5057: result: gcc3
configure:5078: checking how to run the C preprocessor
configure:5109: mipsel-unknown-linux-gnu-gcc -E  conftest.c
configure:5109: $? = 0
configure:5123: mipsel-unknown-linux-gnu-gcc -E  conftest.c
conftest.c:11:28: fatal error: ac_nonexistent.h: No such file or directory
 #include <ac_nonexistent.h>
                            ^
compilation terminated.
configure:5123: $? = 1
configure: failed program was:
| /* confdefs.h */
| #define PACKAGE_NAME "Boblight For Enigma2"
| #define PACKAGE_TARNAME "boblight-for-enigma2"
| #define PACKAGE_VERSION "0.8r7"
| #define PACKAGE_STRING "Boblight For Enigma2 0.8r7"
| #define PACKAGE_BUGREPORT ""
| #define PACKAGE_URL ""
| #define PACKAGE "boblight-for-enigma2"
| #define VERSION "0.8r7"
| /* end confdefs.h.  */
| #include <ac_nonexistent.h>
configure:5148: result: mipsel-unknown-linux-gnu-gcc -E
configure:5168: mipsel-unknown-linux-gnu-gcc -E  conftest.c
configure:5168: $? = 0
configure:5182: mipsel-unknown-linux-gnu-gcc -E  conftest.c
conftest.c:11:28: fatal error: ac_nonexistent.h: No such file or directory
 #include <ac_nonexistent.h>
                            ^
compilation terminated.
configure:5182: $? = 1
configure: failed program was:
| /* confdefs.h */
| #define PACKAGE_NAME "Boblight For Enigma2"
| #define PACKAGE_TARNAME "boblight-for-enigma2"
| #define PACKAGE_VERSION "0.8r7"
| #define PACKAGE_STRING "Boblight For Enigma2 0.8r7"
| #define PACKAGE_BUGREPORT ""
| #define PACKAGE_URL ""
| #define PACKAGE "boblight-for-enigma2"
| #define VERSION "0.8r7"
| /* end confdefs.h.  */
| #include <ac_nonexistent.h>
configure:5211: checking for grep that handles long lines and -e
configure:5269: result: /bin/grep
configure:5274: checking for egrep
configure:5336: result: /bin/grep -E
configure:5341: checking for ANSI C header files
configure:5361: mipsel-unknown-linux-gnu-gcc -c -O2  conftest.c >&5
configure:5361: $? = 0
configure:5445: result: yes
configure:5483: checking build system type
configure:5497: result: x86_64-unknown-linux-gnu
configure:5517: checking host system type
configure:5530: result: mipsel-unknown-linux-gnu
configure:5571: checking how to print strings
configure:5598: result: printf
configure:5619: checking for a sed that does not truncate output
configure:5683: result: /bin/sed
configure:5701: checking for fgrep
configure:5763: result: /bin/grep -F
configure:5798: checking for ld used by mipsel-unknown-linux-gnu-gcc
configure:5865: result: /opt/tools/mipsel-unknown-linux-gnu-oe2.0new/mipsel-unknown-linux-gnu/bin/ld
configure:5872: checking if the linker (/opt/tools/mipsel-unknown-linux-gnu-oe2.0new/mipsel-unknown-linux-gnu/bin/ld) is GNU ld
configure:5887: result: yes
configure:5899: checking for BSD- or MS-compatible name lister (nm)
configure:5948: result: /opt/tools/mipsel-unknown-linux-gnu-oe2.0new/bin//mipsel-unknown-linux-gnu-nm -B
configure:6078: checking the name lister (/opt/tools/mipsel-unknown-linux-gnu-oe2.0new/bin//mipsel-unknown-linux-gnu-nm -B) interface
configure:6085: mipsel-unknown-linux-gnu-gcc -c -O2  conftest.c >&5
configure:6088: /opt/tools/mipsel-unknown-linux-gnu-oe2.0new/bin//mipsel-unknown-linux-gnu-nm -B "conftest.o"
configure:6091: output
00000000 B some_variable
configure:6098: result: BSD nm
configure:6101: checking whether ln -s works
configure:6105: result: yes
configure:6113: checking the maximum length of command line arguments
configure:6244: result: 1572864
configure:6261: checking whether the shell understands some XSI constructs
configure:6271: result: yes
configure:6275: checking whether the shell understands "+="
configure:6281: result: yes
configure:6316: checking how to convert x86_64-unknown-linux-gnu file names to mipsel-unknown-linux-gnu format
configure:6356: result: func_convert_file_noop
configure:6363: checking how to convert x86_64-unknown-linux-gnu file names to toolchain format
configure:6383: result: func_convert_file_noop
configure:6390: checking for /opt/tools/mipsel-unknown-linux-gnu-oe2.0new/mipsel-unknown-linux-gnu/bin/ld option to reload object files
configure:6397: result: -r
configure:6431: checking for mipsel-unknown-linux-gnu-objdump
configure:6447: found /opt/tools/mipsel-unknown-linux-gnu-oe2.0new/bin//mipsel-unknown-linux-gnu-objdump
configure:6458: result: mipsel-unknown-linux-gnu-objdump
configure:6530: checking how to recognize dependent libraries
configure:6728: result: pass_all
configure:6773: checking for mipsel-unknown-linux-gnu-dlltool
configure:6803: result: no
configure:6813: checking for dlltool
configure:6843: result: no
configure:6873: checking how to associate runtime and link libraries
configure:6900: result: printf %s\n
configure:6916: checking for mipsel-unknown-linux-gnu-ar
configure:6932: found /opt/tools/mipsel-unknown-linux-gnu-oe2.0new/bin//mipsel-unknown-linux-gnu-ar
configure:6943: result: mipsel-unknown-linux-gnu-ar
configure:7024: checking for archiver @FILE support
configure:7041: mipsel-unknown-linux-gnu-gcc -c -O2  conftest.c >&5
configure:7041: $? = 0
configure:7044: mipsel-unknown-linux-gnu-ar cru libconftest.a @conftest.lst >&5
configure:7047: $? = 0
configure:7052: mipsel-unknown-linux-gnu-ar cru libconftest.a @conftest.lst >&5
mipsel-unknown-linux-gnu-ar: conftest.o: No such file or directory
configure:7055: $? = 1
configure:7067: result: @
configure:7085: checking for mipsel-unknown-linux-gnu-strip
configure:7112: result: mipsel-unknown-linux-gnu-strip
configure:7184: checking for mipsel-unknown-linux-gnu-ranlib
configure:7200: found /opt/tools/mipsel-unknown-linux-gnu-oe2.0new/bin//mipsel-unknown-linux-gnu-ranlib
configure:7211: result: mipsel-unknown-linux-gnu-ranlib
configure:7353: checking command to parse /opt/tools/mipsel-unknown-linux-gnu-oe2.0new/bin//mipsel-unknown-linux-gnu-nm -B output from mipsel-unknown-linux-gnu-gcc object
configure:7473: mipsel-unknown-linux-gnu-gcc -c -O2  conftest.c >&5
configure:7476: $? = 0
configure:7480: /opt/tools/mipsel-unknown-linux-gnu-oe2.0new/bin//mipsel-unknown-linux-gnu-nm -B conftest.o \| sed -n -e 's/^.*[ ]\([ABCDGIRSTW][ABCDGIRSTW]*\)[ ][ ]*\([_A-Za-z][_A-Za-z0-9]*\)$/\1 \2 \2/p' | sed '/ __gnu_lto/d' \> conftest.nm
configure:7483: $? = 0
configure:7549: mipsel-unknown-linux-gnu-gcc -o conftest -O2   conftest.c conftstm.o >&5
configure:7552: $? = 0
configure:7590: result: ok
configure:7627: checking for sysroot
configure:7657: result: no
configure:7880: checking for mipsel-unknown-linux-gnu-mt
configure:7910: result: no
configure:7920: checking for mt
configure:7936: found /bin/mt
configure:7947: result: mt
configure:7959: WARNING: using cross tools not prefixed with host triplet
configure:7970: checking if mt is a manifest tool
configure:7976: mt '-?'
configure:7984: result: no
configure:8626: checking for sys/types.h
configure:8626: mipsel-unknown-linux-gnu-gcc -c -O2  conftest.c >&5
configure:8626: $? = 0
configure:8626: result: yes
configure:8626: checking for sys/stat.h
configure:8626: mipsel-unknown-linux-gnu-gcc -c -O2  conftest.c >&5
configure:8626: $? = 0
configure:8626: result: yes
configure:8626: checking for stdlib.h
configure:8626: mipsel-unknown-linux-gnu-gcc -c -O2  conftest.c >&5
configure:8626: $? = 0
configure:8626: result: yes
configure:8626: checking for string.h
configure:8626: mipsel-unknown-linux-gnu-gcc -c -O2  conftest.c >&5
configure:8626: $? = 0
configure:8626: result: yes
configure:8626: checking for memory.h
configure:8626: mipsel-unknown-linux-gnu-gcc -c -O2  conftest.c >&5
configure:8626: $? = 0
configure:8626: result: yes
configure:8626: checking for strings.h
configure:8626: mipsel-unknown-linux-gnu-gcc -c -O2  conftest.c >&5
configure:8626: $? = 0
configure:8626: result: yes
configure:8626: checking for inttypes.h
configure:8626: mipsel-unknown-linux-gnu-gcc -c -O2  conftest.c >&5
configure:8626: $? = 0
configure:8626: result: yes
configure:8626: checking for stdint.h
configure:8626: mipsel-unknown-linux-gnu-gcc -c -O2  conftest.c >&5
configure:8626: $? = 0
configure:8626: result: yes
configure:8626: checking for unistd.h
configure:8626: mipsel-unknown-linux-gnu-gcc -c -O2  conftest.c >&5
configure:8626: $? = 0
configure:8626: result: yes
configure:8640: checking for dlfcn.h
configure:8640: mipsel-unknown-linux-gnu-gcc -c -O2  conftest.c >&5
configure:8640: $? = 0
configure:8640: result: yes
configure:8857: checking for objdir
configure:8872: result: .libs
configure:9139: checking if mipsel-unknown-linux-gnu-gcc supports -fno-rtti -fno-exceptions
configure:9157: mipsel-unknown-linux-gnu-gcc -c -O2  -fno-rtti -fno-exceptions conftest.c >&5
cc1: warning: command line option '-fno-rtti' is valid for C++/ObjC++ but not for C [enabled by default]
configure:9161: $? = 0
configure:9174: result: no
configure:9501: checking for mipsel-unknown-linux-gnu-gcc option to produce PIC
configure:9508: result: -fPIC -DPIC
configure:9516: checking if mipsel-unknown-linux-gnu-gcc PIC flag -fPIC -DPIC works
configure:9534: mipsel-unknown-linux-gnu-gcc -c -O2  -fPIC -DPIC -DPIC conftest.c >&5
configure:9538: $? = 0
configure:9551: result: yes
configure:9580: checking if mipsel-unknown-linux-gnu-gcc static flag -static works
configure:9608: result: yes
configure:9623: checking if mipsel-unknown-linux-gnu-gcc supports -c -o file.o
configure:9644: mipsel-unknown-linux-gnu-gcc -c -O2  -o out/conftest2.o conftest.c >&5
configure:9648: $? = 0
configure:9670: result: yes
configure:9678: checking if mipsel-unknown-linux-gnu-gcc supports -c -o file.o
configure:9725: result: yes
configure:9758: checking whether the mipsel-unknown-linux-gnu-gcc linker (/opt/tools/mipsel-unknown-linux-gnu-oe2.0new/mipsel-unknown-linux-gnu/bin/ld) supports shared libraries
configure:10915: result: yes
configure:10952: checking whether -lc should be explicitly linked in
configure:10960: mipsel-unknown-linux-gnu-gcc -c -O2  conftest.c >&5
configure:10963: $? = 0
configure:10978: mipsel-unknown-linux-gnu-gcc -shared  -fPIC -DPIC conftest.o  -v -Wl,-soname -Wl,conftest -o conftest 2\>\&1 \| /bin/grep  -lc  \>/dev/null 2\>\&1
configure:10981: $? = 0
configure:10995: result: no
configure:11155: checking dynamic linker characteristics
configure:11655: mipsel-unknown-linux-gnu-gcc -o conftest -O2   -Wl,-rpath -Wl,/foo conftest.c  >&5
configure:11655: $? = 0
configure:11889: result: GNU/Linux ld.so
configure:11996: checking how to hardcode library paths into programs
configure:12021: result: immediate
configure:12561: checking whether stripping libraries is possible
configure:12566: result: yes
configure:12601: checking if libtool supports shared libraries
configure:12603: result: yes
configure:12606: checking whether to build shared libraries
configure:12627: result: yes
configure:12630: checking whether to build static libraries
configure:12634: result: yes
configure:12657: checking how to run the C++ preprocessor
configure:12684: mipsel-unknown-linux-gnu-g++ -E  conftest.cpp
configure:12684: $? = 0
configure:12698: mipsel-unknown-linux-gnu-g++ -E  conftest.cpp
conftest.cpp:23:28: fatal error: ac_nonexistent.h: No such file or directory
 #include <ac_nonexistent.h>
                            ^
compilation terminated.
configure:12698: $? = 1
configure: failed program was:
| /* confdefs.h */
| #define PACKAGE_NAME "Boblight For Enigma2"
| #define PACKAGE_TARNAME "boblight-for-enigma2"
| #define PACKAGE_VERSION "0.8r7"
| #define PACKAGE_STRING "Boblight For Enigma2 0.8r7"
| #define PACKAGE_BUGREPORT ""
| #define PACKAGE_URL ""
| #define PACKAGE "boblight-for-enigma2"
| #define VERSION "0.8r7"
| #define STDC_HEADERS 1
| #define HAVE_SYS_TYPES_H 1
| #define HAVE_SYS_STAT_H 1
| #define HAVE_STDLIB_H 1
| #define HAVE_STRING_H 1
| #define HAVE_MEMORY_H 1
| #define HAVE_STRINGS_H 1
| #define HAVE_INTTYPES_H 1
| #define HAVE_STDINT_H 1
| #define HAVE_UNISTD_H 1
| #define HAVE_DLFCN_H 1
| #define LT_OBJDIR ".libs/"
| /* end confdefs.h.  */
| #include <ac_nonexistent.h>
configure:12723: result: mipsel-unknown-linux-gnu-g++ -E
configure:12743: mipsel-unknown-linux-gnu-g++ -E  conftest.cpp
configure:12743: $? = 0
configure:12757: mipsel-unknown-linux-gnu-g++ -E  conftest.cpp
conftest.cpp:23:28: fatal error: ac_nonexistent.h: No such file or directory
 #include <ac_nonexistent.h>
                            ^
compilation terminated.
configure:12757: $? = 1
configure: failed program was:
| /* confdefs.h */
| #define PACKAGE_NAME "Boblight For Enigma2"
| #define PACKAGE_TARNAME "boblight-for-enigma2"
| #define PACKAGE_VERSION "0.8r7"
| #define PACKAGE_STRING "Boblight For Enigma2 0.8r7"
| #define PACKAGE_BUGREPORT ""
| #define PACKAGE_URL ""
| #define PACKAGE "boblight-for-enigma2"
| #define VERSION "0.8r7"
| #define STDC_HEADERS 1
| #define HAVE_SYS_TYPES_H 1
| #define HAVE_SYS_STAT_H 1
| #define HAVE_STDLIB_H 1
| #define HAVE_STRING_H 1
| #define HAVE_MEMORY_H 1
| #define HAVE_STRINGS_H 1
| #define HAVE_INTTYPES_H 1
| #define HAVE_STDINT_H 1
| #define HAVE_UNISTD_H 1
| #define HAVE_DLFCN_H 1
| #define LT_OBJDIR ".libs/"
| /* end confdefs.h.  */
| #include <ac_nonexistent.h>
configure:12926: checking for ld used by mipsel-unknown-linux-gnu-g++
configure:12993: result: /opt/tools/mipsel-unknown-linux-gnu-oe2.0new/mipsel-unknown-linux-gnu/bin/ld
configure:13000: checking if the linker (/opt/tools/mipsel-unknown-linux-gnu-oe2.0new/mipsel-unknown-linux-gnu/bin/ld) is GNU ld
configure:13015: result: yes
configure:13070: checking whether the mipsel-unknown-linux-gnu-g++ linker (/opt/tools/mipsel-unknown-linux-gnu-oe2.0new/mipsel-unknown-linux-gnu/bin/ld) supports shared libraries
configure:14072: result: yes
configure:14108: mipsel-unknown-linux-gnu-g++ -c -O2  conftest.cpp >&5
configure:14111: $? = 0
configure:14631: checking for mipsel-unknown-linux-gnu-g++ option to produce PIC
configure:14638: result: -fPIC -DPIC
configure:14646: checking if mipsel-unknown-linux-gnu-g++ PIC flag -fPIC -DPIC works
configure:14664: mipsel-unknown-linux-gnu-g++ -c -O2  -fPIC -DPIC -DPIC conftest.cpp >&5
configure:14668: $? = 0
configure:14681: result: yes
configure:14704: checking if mipsel-unknown-linux-gnu-g++ static flag -static works
configure:14732: result: yes
configure:14744: checking if mipsel-unknown-linux-gnu-g++ supports -c -o file.o
configure:14765: mipsel-unknown-linux-gnu-g++ -c -O2  -o out/conftest2.o conftest.cpp >&5
configure:14769: $? = 0
configure:14791: result: yes
configure:14796: checking if mipsel-unknown-linux-gnu-g++ supports -c -o file.o
configure:14843: result: yes
configure:14873: checking whether the mipsel-unknown-linux-gnu-g++ linker (/opt/tools/mipsel-unknown-linux-gnu-oe2.0new/mipsel-unknown-linux-gnu/bin/ld) supports shared libraries
configure:14912: result: yes
configure:15053: checking dynamic linker characteristics
configure:15721: result: GNU/Linux ld.so
configure:15774: checking how to hardcode library paths into programs
configure:15799: result: immediate
configure:15861: checking for main in -lpthread
configure:15880: mipsel-unknown-linux-gnu-gcc -o conftest -O2   conftest.c -lpthread   >&5
configure:15880: $? = 0
configure:15889: result: yes
configure:15900: checking for main in -lrt
configure:15919: mipsel-unknown-linux-gnu-gcc -o conftest -O2   conftest.c -lrt  -lpthread  >&5
configure:15919: $? = 0
configure:15928: result: yes
configure:15939: checking for main in -lm
configure:15958: mipsel-unknown-linux-gnu-gcc -o conftest -O2   conftest.c -lm  -lrt -lpthread  >&5
configure:15958: $? = 0
configure:15967: result: yes
configure:15978: checking for main in -ldl
configure:15997: mipsel-unknown-linux-gnu-gcc -o conftest -O2   conftest.c -ldl  -lm -lrt -lpthread  >&5
configure:15997: $? = 0
configure:16006: result: yes
configure:16030: checking for main in -lusb-1.0
configure:16049: mipsel-unknown-linux-gnu-gcc -o conftest -O2   conftest.c -lusb-1.0  -ldl -lm -lrt -lpthread  >&5
configure:16049: $? = 0
configure:16058: result: yes
configure:16066: checking for libusb_error_name in -lusb-1.0
configure:16091: mipsel-unknown-linux-gnu-gcc -o conftest -O2   conftest.c -lusb-1.0  -ldl -lm -lrt -lpthread  >&5
configure:16091: $? = 0
configure:16100: result: yes
configure:16110: checking libusb-1.0/libusb.h usability
configure:16110: mipsel-unknown-linux-gnu-gcc -c -O2  conftest.c >&5
configure:16110: $? = 0
configure:16110: result: yes
configure:16110: checking libusb-1.0/libusb.h presence
configure:16110: mipsel-unknown-linux-gnu-gcc -E  conftest.c
configure:16110: $? = 0
configure:16110: result: yes
configure:16110: checking for libusb-1.0/libusb.h
configure:16110: result: yes
configure:16133: checking whether clock_gettime is declared
configure:16133: mipsel-unknown-linux-gnu-gcc -c -O2  conftest.c >&5
configure:16133: $? = 0
configure:16133: result: yes
configure:16253: checking that generated files are newer than configure
configure:16259: result: done
configure:16298: creating ./config.status

## ---------------------- ##
## Running config.status. ##
## ---------------------- ##

This file was extended by Boblight For Enigma2 config.status 0.8r7, which was
generated by GNU Autoconf 2.69.  Invocation command line was

  CONFIG_FILES    = 
  CONFIG_HEADERS  = 
  CONFIG_LINKS    = 
  CONFIG_COMMANDS = 
  $ ./config.status 

on martijn-desktop

config.status:1154: creating Makefile
config.status:1154: creating src/Makefile
config.status:1154: creating config.h
config.status:1335: config.h is unchanged
config.status:1383: executing depfiles commands
config.status:1383: executing libtool commands

## ---------------- ##
## Cache variables. ##
## ---------------- ##

ac_cv_build=x86_64-unknown-linux-gnu
ac_cv_c_compiler_gnu=yes
ac_cv_cxx_compiler_gnu=yes
ac_cv_env_CCC_set=
ac_cv_env_CCC_value=
ac_cv_env_CC_set=set
ac_cv_env_CC_value=mipsel-unknown-linux-gnu-gcc
ac_cv_env_CFLAGS_set=
ac_cv_env_CFLAGS_value=
ac_cv_env_CPPFLAGS_set=set
ac_cv_env_CPPFLAGS_value=
ac_cv_env_CPP_set=
ac_cv_env_CPP_value=
ac_cv_env_CXXCPP_set=
ac_cv_env_CXXCPP_value=
ac_cv_env_CXXFLAGS_set=
ac_cv_env_CXXFLAGS_value=
ac_cv_env_CXX_set=set
ac_cv_env_CXX_value=mipsel-unknown-linux-gnu-g++
ac_cv_env_LDFLAGS_set=
ac_cv_env_LDFLAGS_value=
ac_cv_env_LIBS_set=
ac_cv_env_LIBS_value=
ac_cv_env_build_alias_set=
ac_cv_env_build_alias_value=
ac_cv_env_host_alias_set=set
ac_cv_env_host_alias_value=mipsel-unknown-linux-gnu
ac_cv_env_target_alias_set=
ac_cv_env_target_alias_value=
ac_cv_have_decl_clock_gettime=yes
ac_cv_header_dlfcn_h=yes
ac_cv_header_inttypes_h=yes
ac_cv_header_libusb_1_0_libusb_h=yes
ac_cv_header_memory_h=yes
ac_cv_header_stdc=yes
ac_cv_header_stdint_h=yes
ac_cv_header_stdlib_h=yes
ac_cv_header_string_h=yes
ac_cv_header_strings_h=yes
ac_cv_header_sys_stat_h=yes
ac_cv_header_sys_types_h=yes
ac_cv_header_unistd_h=yes
ac_cv_host=mipsel-unknown-linux-gnu
ac_cv_lib_dl_main=yes
ac_cv_lib_m_main=yes
ac_cv_lib_pthread_main=yes
ac_cv_lib_rt_main=yes
ac_cv_lib_usb_1_0_libusb_error_name=yes
ac_cv_lib_usb_1_0_main=yes
ac_cv_objext=o
ac_cv_path_EGREP='/bin/grep -E'
ac_cv_path_FGREP='/bin/grep -F'
ac_cv_path_GREP=/bin/grep
ac_cv_path_SED=/bin/sed
ac_cv_path_install='/usr/bin/install -c'
ac_cv_path_mkdir=/bin/mkdir
ac_cv_prog_AR=mipsel-unknown-linux-gnu-ar
ac_cv_prog_AWK=gawk
ac_cv_prog_CC=mipsel-unknown-linux-gnu-gcc
ac_cv_prog_CPP='mipsel-unknown-linux-gnu-gcc -E'
ac_cv_prog_CXXCPP='mipsel-unknown-linux-gnu-g++ -E'
ac_cv_prog_OBJDUMP=mipsel-unknown-linux-gnu-objdump
ac_cv_prog_RANLIB=mipsel-unknown-linux-gnu-ranlib
ac_cv_prog_STRIP=mipsel-unknown-linux-gnu-strip
ac_cv_prog_ac_ct_MANIFEST_TOOL=mt
ac_cv_prog_cc_c89=
ac_cv_prog_cc_g=yes
ac_cv_prog_cxx_g=yes
ac_cv_prog_make_make_set=yes
ac_cv_search_strerror='none required'
am_cv_CC_dependencies_compiler_type=gcc3
am_cv_CXX_dependencies_compiler_type=gcc3
am_cv_make_support_nested_variables=yes
lt_cv_ar_at_file=@
lt_cv_archive_cmds_need_lc=no
lt_cv_deplibs_check_method=pass_all
lt_cv_file_magic_cmd='$MAGIC_CMD'
lt_cv_file_magic_test_file=
lt_cv_ld_reload_flag=-r
lt_cv_nm_interface='BSD nm'
lt_cv_objdir=.libs
lt_cv_path_LD=/opt/tools/mipsel-unknown-linux-gnu-oe2.0new/mipsel-unknown-linux-gnu/bin/ld
lt_cv_path_LDCXX=/opt/tools/mipsel-unknown-linux-gnu-oe2.0new/mipsel-unknown-linux-gnu/bin/ld
lt_cv_path_NM='/opt/tools/mipsel-unknown-linux-gnu-oe2.0new/bin//mipsel-unknown-linux-gnu-nm -B'
lt_cv_path_mainfest_tool=no
lt_cv_prog_compiler_c_o=yes
lt_cv_prog_compiler_c_o_CXX=yes
lt_cv_prog_compiler_pic='-fPIC -DPIC'
lt_cv_prog_compiler_pic_CXX='-fPIC -DPIC'
lt_cv_prog_compiler_pic_works=yes
lt_cv_prog_compiler_pic_works_CXX=yes
lt_cv_prog_compiler_rtti_exceptions=no
lt_cv_prog_compiler_static_works=yes
lt_cv_prog_compiler_static_works_CXX=yes
lt_cv_prog_gnu_ld=yes
lt_cv_prog_gnu_ldcxx=yes
lt_cv_sharedlib_from_linklib_cmd='printf %s\n'
lt_cv_shlibpath_overrides_runpath=yes
lt_cv_sys_global_symbol_pipe='sed -n -e '\''s/^.*[	 ]\([ABCDGIRSTW][ABCDGIRSTW]*\)[	 ][	 ]*\([_A-Za-z][_A-Za-z0-9]*\)$/\1 \2 \2/p'\'' | sed '\''/ __gnu_lto/d'\'''
lt_cv_sys_global_symbol_to_c_name_address='sed -n -e '\''s/^: \([^ ]*\)[ ]*$/  {\"\1\", (void *) 0},/p'\'' -e '\''s/^[ABCDGIRSTW]* \([^ ]*\) \([^ ]*\)$/  {"\2", (void *) \&\2},/p'\'''
lt_cv_sys_global_symbol_to_c_name_address_lib_prefix='sed -n -e '\''s/^: \([^ ]*\)[ ]*$/  {\"\1\", (void *) 0},/p'\'' -e '\''s/^[ABCDGIRSTW]* \([^ ]*\) \(lib[^ ]*\)$/  {"\2", (void *) \&\2},/p'\'' -e '\''s/^[ABCDGIRSTW]* \([^ ]*\) \([^ ]*\)$/  {"lib\2", (void *) \&\2},/p'\'''
lt_cv_sys_global_symbol_to_cdecl='sed -n -e '\''s/^T .* \(.*\)$/extern int \1();/p'\'' -e '\''s/^[ABCDGIRSTW]* .* \(.*\)$/extern char \1;/p'\'''
lt_cv_sys_max_cmd_len=1572864
lt_cv_to_host_file_cmd=func_convert_file_noop
lt_cv_to_tool_file_cmd=func_convert_file_noop

## ----------------- ##
## Output variables. ##
## ----------------- ##

ACLOCAL='aclocal-1.13'
AMDEPBACKSLASH='\'
AMDEP_FALSE='#'
AMDEP_TRUE=''
AMTAR='$${TAR-tar}'
AM_BACKSLASH='\'
AM_DEFAULT_V='$(AM_DEFAULT_VERBOSITY)'
AM_DEFAULT_VERBOSITY='1'
AM_V='$(V)'
AR='mipsel-unknown-linux-gnu-ar'
AUTOCONF='autoconf'
AUTOHEADER='autoheader'
AUTOMAKE='automake-1.13'
AWK='gawk'
CC='mipsel-unknown-linux-gnu-gcc'
CCDEPMODE='depmode=gcc3'
CFLAGS='-O2'
CPP='mipsel-unknown-linux-gnu-gcc -E'
CPPFLAGS=''
CXX='mipsel-unknown-linux-gnu-g++'
CXXCPP='mipsel-unknown-linux-gnu-g++ -E'
CXXDEPMODE='depmode=gcc3'
CXXFLAGS='-O2'
CYGPATH_W='echo'
DEFS='-DHAVE_CONFIG_H'
DEPDIR='.deps'
DLLTOOL='false'
DSYMUTIL=''
DUMPBIN=''
ECHO_C=''
ECHO_N='-n'
ECHO_T=''
EGREP='/bin/grep -E'
EXEEXT=''
FGREP='/bin/grep -F'
GREP='/bin/grep'
HAVE_LIBUSB_FALSE='#'
HAVE_LIBUSB_TRUE=''
INSTALL_DATA='${INSTALL} -m 644'
INSTALL_PROGRAM='${INSTALL}'
INSTALL_SCRIPT='${INSTALL}'
INSTALL_STRIP_PROGRAM='$(install_sh) -c -s'
LD='/opt/tools/mipsel-unknown-linux-gnu-oe2.0new/mipsel-unknown-linux-gnu/bin/ld'
LDFLAGS=''
LIBOBJS=''
LIBS='-ldl -lm -lrt -lpthread '
LIBTOOL='$(SHELL) $(top_builddir)/libtool'
LIPO=''
LN_S='ln -s'
LTLIBOBJS=''
MAINT='#'
MAINTAINER_MODE_FALSE=''
MAINTAINER_MODE_TRUE='#'
MAKEINFO='makeinfo'
MANIFEST_TOOL=':'
MKDIR_P='/bin/mkdir -p'
NM='/opt/tools/mipsel-unknown-linux-gnu-oe2.0new/bin//mipsel-unknown-linux-gnu-nm -B'
NMEDIT=''
OBJDUMP='mipsel-unknown-linux-gnu-objdump'
OBJEXT='o'
OTOOL64=''
OTOOL=''
PACKAGE='boblight-for-enigma2'
PACKAGE_BUGREPORT=''
PACKAGE_NAME='Boblight For Enigma2'
PACKAGE_STRING='Boblight For Enigma2 0.8r7'
PACKAGE_TARNAME='boblight-for-enigma2'
PACKAGE_URL=''
PACKAGE_VERSION='0.8r7'
PATH_SEPARATOR=':'
RANLIB='mipsel-unknown-linux-gnu-ranlib'
SED='/bin/sed'
SET_MAKE=''
SHELL='/bin/bash'
STRIP='mipsel-unknown-linux-gnu-strip'
VERSION='0.8r7'
ac_ct_AR=''
ac_ct_CC=''
ac_ct_CXX=''
ac_ct_DUMPBIN=''
am__EXEEXT_FALSE=''
am__EXEEXT_TRUE='#'
am__fastdepCC_FALSE='#'
am__fastdepCC_TRUE=''
am__fastdepCXX_FALSE='#'
am__fastdepCXX_TRUE=''
am__include='include'
am__isrc=''
am__leading_dot='.'
am__nodep='_no'
am__quote=''
am__tar='$${TAR-tar} chof - "$$tardir"'
am__untar='$${TAR-tar} xf -'
bindir='${exec_prefix}/bin'
build='x86_64-unknown-linux-gnu'
build_alias=''
build_cpu='x86_64'
build_os='linux-gnu'
build_vendor='unknown'
datadir='${datarootdir}'
datarootdir='${prefix}/share'
docdir='${datarootdir}/doc/${PACKAGE_TARNAME}'
dvidir='${docdir}'
exec_prefix='${prefix}'
host='mipsel-unknown-linux-gnu'
host_alias='mipsel-unknown-linux-gnu'
host_cpu='mipsel'
host_os='linux-gnu'
host_vendor='unknown'
htmldir='${docdir}'
includedir='${prefix}/include'
infodir='${datarootdir}/info'
install_sh='${SHELL} /mnt/et9000/Harddisk/Boblight/build/boblight-for-enigma2/install-sh'
libdir='${exec_prefix}/lib'
libexecdir='${exec_prefix}/libexec'
localedir='${datarootdir}/locale'
localstatedir='${prefix}/var'
mandir='${datarootdir}/man'
mkdir_p='$(MKDIR_P)'
oldincludedir='/usr/include'
pdfdir='${docdir}'
prefix='/mnt/et9000/Harddisk/Boblight/Builds/OE2.0-DEFAULT/usr'
program_transform_name='s,x,x,'
psdir='${docdir}'
sbindir='${exec_prefix}/sbin'
sharedstatedir='${prefix}/com'
sysconfdir='${prefix}/etc'
target_alias=''

## ----------- ##
## confdefs.h. ##
## ----------- ##

/* confdefs.h */
#define PACKAGE_NAME "Boblight For Enigma2"
#define PACKAGE_TARNAME "boblight-for-enigma2"
#define PACKAGE_VERSION "0.8r7"
#define PACKAGE_STRING "Boblight For Enigma2 0.8r7"
#define PACKAGE_BUGREPORT ""
#define PACKAGE_URL ""
#define PACKAGE "boblight-for-enigma2"
#define VERSION "0.8r7"
#define STDC_HEADERS 1
#define HAVE_SYS_TYPES_H 1
#define HAVE_SYS_STAT_H 1
#define HAVE_STDLIB_H 1
#define HAVE_STRING_H 1
#define HAVE_MEMORY_H 1
#define HAVE_STRINGS_H 1
#define HAVE_INTTYPES_H 1
#define HAVE_STDINT_H 1
#define HAVE_UNISTD_H 1
#define HAVE_DLFCN_H 1
#define LT_OBJDIR ".libs/"
#define HAVE_LIBPTHREAD 1
#define HAVE_LIBRT 1
#define HAVE_LIBM 1
#define HAVE_LIBDL 1
#define HAVE_LIBUSB 1
#define HAVE_LIBUSB_ERROR_NAME 1
#define HAVE_LIBUSB_1_0_LIBUSB_H 1
#define HAVE_CLOCK_GETTIME 1

configure: exit 0
